[INFO  - 2020-02-24T00:42:06.461Z] GhostDriver - Main - running on port 50742
[INFO  - 2020-02-24T00:42:10.991Z] Session [7e2b2640-569e-11ea-ae88-194d7c62acda] - page.settings - {"XSSAuditingEnabled":false,"javascriptCanCloseWindows":true,"javascriptCanOpenWindows":true,"javascriptEnabled":true,"loadImages":true,"localToRemoteUrlAccessEnabled":false,"userAgent":"Mozilla/5.0 (Windows NT 6.2; WOW64) AppleWebKit/538.1 (KHTML, like Gecko) PhantomJS/2.1.1 Safari/538.1","webSecurityEnabled":true}
[INFO  - 2020-02-24T00:42:10.991Z] Session [7e2b2640-569e-11ea-ae88-194d7c62acda] - page.customHeaders:  - {}
[INFO  - 2020-02-24T00:42:10.991Z] Session [7e2b2640-569e-11ea-ae88-194d7c62acda] - Session.negotiatedCapabilities - {"browserName":"phantomjs","version":"2.1.1","driverName":"ghostdriver","driverVersion":"1.2.0","platform":"windows-10-32bit","javascriptEnabled":true,"takesScreenshot":true,"handlesAlerts":false,"databaseEnabled":false,"locationContextEnabled":false,"applicationCacheEnabled":false,"browserConnectionEnabled":false,"cssSelectorsEnabled":true,"webStorageEnabled":false,"rotatable":false,"acceptSslCerts":false,"nativeEvents":true,"proxy":{"proxyType":"direct"}}
[INFO  - 2020-02-24T00:42:10.991Z] SessionManagerReqHand - _postNewSessionCommand - New Session Created: 7e2b2640-569e-11ea-ae88-194d7c62acda
[ERROR - 2020-02-24T00:42:11.860Z] Session [7e2b2640-569e-11ea-ae88-194d7c62acda] - page.onError - msg: TypeError: null is not an object (evaluating 'da_ua.match(/Version\/([0-9\.]+)/i)[1]')

  phantomjs://platform/console++.js:263 in error
[ERROR - 2020-02-24T00:42:11.860Z] Session [7e2b2640-569e-11ea-ae88-194d7c62acda] - page.onError - stack:
  searchBrowserVersion (https://ssl.pstatic.net/tveta/libs/assets/js/pc/main/min/pc.veta.core.min.js?20180423:1)
  init (https://ssl.pstatic.net/tveta/libs/assets/js/pc/main/min/pc.veta.core.min.js?20180423:1)

  phantomjs://platform/console++.js:263 in error
[ERROR - 2020-02-24T00:42:11.876Z] Session [7e2b2640-569e-11ea-ae88-194d7c62acda] - page.onError - msg: TypeError: null is not an object (evaluating 'da_ua.match(/Version\/([0-9\.]+)/i)[1]')

  phantomjs://platform/console++.js:263 in error
[ERROR - 2020-02-24T00:42:11.876Z] Session [7e2b2640-569e-11ea-ae88-194d7c62acda] - page.onError - stack:
  searchBrowserVersion (https://ssl.pstatic.net/tveta/libs/assets/js/pc/main/min/pc.veta.core.min.js?20180423:1)
  init (https://ssl.pstatic.net/tveta/libs/assets/js/pc/main/min/pc.veta.core.min.js?20180423:1)

  phantomjs://platform/console++.js:263 in error
[ERROR - 2020-02-24T00:42:11.879Z] Session [7e2b2640-569e-11ea-ae88-194d7c62acda] - page.onError - msg: TypeError: undefined is not a constructor (evaluating 'new Nimp')

  phantomjs://platform/console++.js:263 in error
[ERROR - 2020-02-24T00:42:11.879Z] Session [7e2b2640-569e-11ea-ae88-194d7c62acda] - page.onError - stack:
  lazyLoading (https://nv.veta.naver.com/fxshow?su=SU10078&nrefreshx=0:32)
  onload (https://nv.veta.naver.com/fxshow?su=SU10078&nrefreshx=0:20)

  phantomjs://platform/console++.js:263 in error
[ERROR - 2020-02-24T00:42:11.879Z] Session [7e2b2640-569e-11ea-ae88-194d7c62acda] - page.onError - msg: TypeError: undefined is not a constructor (evaluating 'new Nimp')

  phantomjs://platform/console++.js:263 in error
[ERROR - 2020-02-24T00:42:11.879Z] Session [7e2b2640-569e-11ea-ae88-194d7c62acda] - page.onError - stack:
  lazyLoading (https://nv.veta.naver.com/fxshow?su=SU10079&nrefreshx=0:36)
  onload (https://nv.veta.naver.com/fxshow?su=SU10079&nrefreshx=0:20)

  phantomjs://platform/console++.js:263 in error
[ERROR - 2020-02-24T00:42:11.887Z] Session [7e2b2640-569e-11ea-ae88-194d7c62acda] - page.onError - msg: TypeError: null is not an object (evaluating 'da_ua.match(/Version\/([0-9\.]+)/i)[1]')

  phantomjs://platform/console++.js:263 in error
[ERROR - 2020-02-24T00:42:11.887Z] Session [7e2b2640-569e-11ea-ae88-194d7c62acda] - page.onError - stack:
  searchBrowserVersion (https://ssl.pstatic.net/tveta/libs/assets/js/pc/main/min/pc.veta.core.min.js?20170222:1)
  init (https://ssl.pstatic.net/tveta/libs/assets/js/pc/main/min/pc.veta.core.min.js?20170222:1)

  phantomjs://platform/console++.js:263 in error
[ERROR - 2020-02-24T00:42:12.388Z] Session [7e2b2640-569e-11ea-ae88-194d7c62acda] - page.onError - msg: TypeError: null is not an object (evaluating 'da_ua.match(/Version\/([0-9\.]+)/i)[1]')

  phantomjs://platform/console++.js:263 in error
[ERROR - 2020-02-24T00:42:12.389Z] Session [7e2b2640-569e-11ea-ae88-194d7c62acda] - page.onError - stack:
  searchBrowserVersion (https://ssl.pstatic.net/tveta/libs/assets/js/pc/main/min/pc.veta.core.min.js?20180330:1)
  init (https://ssl.pstatic.net/tveta/libs/assets/js/pc/main/min/pc.veta.core.min.js?20180330:1)

  phantomjs://platform/console++.js:263 in error
